<?xml version="1.0" encoding="UTF-8"?>
<!-- Generated by org.testng.reporters.JUnitReportReporter -->
<testsuite hostname="U-GauravM" failures="0" tests="1" name="com.herokuapp.restfulbookerassignment.DeleteBookingTests" time="3.705" errors="0" timestamp="2024-02-21T16:15:58 IST" skipped="0">
  <testcase classname="com.herokuapp.restfulbookerassignment.DeleteBookingTests" name="partialUpdateBookingTest" time="3.705"/>
  <system-out/>
</testsuite> <!-- com.herokuapp.restfulbookerassignment.DeleteBookingTests -->
