<?xml version="1.0" encoding="UTF-8"?>
<!-- Generated by org.testng.reporters.JUnitReportReporter -->
<testsuite hostname="U-GauravM" failures="0" tests="1" name="com.herokuapp.restfulbookerassignment.UpdateBookingTests" time="1.428" errors="0" timestamp="2024-02-28T13:27:19 IST" skipped="0">
  <testcase classname="com.herokuapp.restfulbookerassignment.UpdateBookingTests" name="updateBookingTest" time="1.428"/>
  <system-out/>
</testsuite> <!-- com.herokuapp.restfulbookerassignment.UpdateBookingTests -->
