<?xml version="1.0" encoding="UTF-8"?>
<!-- Generated by org.testng.reporters.JUnitReportReporter -->
<testsuite hostname="U-GauravM" failures="0" tests="1" name="com.herokuapp.restfulbookerassignment.UpdateBookingTests" time="4.945" errors="0" timestamp="2024-01-29T15:06:56 IST" skipped="0">
  <testcase classname="com.herokuapp.restfulbookerassignment.UpdateBookingTests" name="createBookingTest" time="4.945"/>
</testsuite> <!-- com.herokuapp.restfulbookerassignment.UpdateBookingTests -->
