<?xml version="1.0" encoding="UTF-8"?>
<!-- Generated by org.testng.reporters.JUnitReportReporter -->
<testsuite hostname="U-GauravM" failures="0" tests="1" name="com.herokuapp.restfulbookerassignment.CreateBookingTests" time="3.354" errors="0" timestamp="2024-02-28T13:27:19 IST" skipped="0">
  <testcase classname="com.herokuapp.restfulbookerassignment.CreateBookingTests" name="createBookingTest" time="3.354"/>
  <system-out/>
</testsuite> <!-- com.herokuapp.restfulbookerassignment.CreateBookingTests -->
