<?xml version="1.0" encoding="UTF-8"?>
<!-- Generated by org.testng.reporters.JUnitReportReporter -->
<testsuite hostname="U-GauravM" failures="0" tests="1" name="com.herokuapp.restfulbookerassignment.PartialUpdateBookingTests" time="1.413" errors="0" timestamp="2024-02-28T13:27:19 IST" skipped="0">
  <testcase classname="com.herokuapp.restfulbookerassignment.PartialUpdateBookingTests" name="partialUpdateBookingTest" time="1.413"/>
  <system-out/>
</testsuite> <!-- com.herokuapp.restfulbookerassignment.PartialUpdateBookingTests -->
