<?xml version="1.0" encoding="UTF-8"?>
<!-- Generated by org.testng.reporters.JUnitReportReporter -->
<testsuite hostname="U-GauravM" failures="0" tests="1" name="com.herokuapp.restfulbookerassignment.UpdateBookingTests" time="1.724" errors="0" timestamp="2024-02-21T16:15:58 IST" skipped="0">
  <testcase classname="com.herokuapp.restfulbookerassignment.UpdateBookingTests" name="createBookingTest" time="1.724"/>
  <system-out/>
</testsuite> <!-- com.herokuapp.restfulbookerassignment.UpdateBookingTests -->
