<?xml version="1.0" encoding="UTF-8"?>
<!-- Generated by org.testng.reporters.JUnitReportReporter -->
<testsuite hostname="U-GauravM" failures="0" tests="1" name="com.herokuapp.restfulbookerassignment.DeleteBookingTests" time="2.776" errors="0" timestamp="2024-02-28T13:27:19 IST" skipped="0">
  <testcase classname="com.herokuapp.restfulbookerassignment.DeleteBookingTests" name="partialUpdateBookingTest" time="2.776"/>
  <system-out/>
</testsuite> <!-- com.herokuapp.restfulbookerassignment.DeleteBookingTests -->
